SF:lib/course/course_providers.g.dart
DA:25,1
DA:26,1
DA:36,1
DA:37,1
DA:39,1
DA:43,1
DA:45,1
DA:47,1
DA:51,1
DA:64,5
DA:67,5
DA:75,5
DA:76,5
DA:78,0
DA:80,0
DA:82,0
DA:85,5
DA:89,5
DA:91,1
DA:93,1
DA:94,1
DA:97,5
DA:99,20
DA:102,5
DA:104,10
DA:108,5
DA:112,1
DA:113,1
DA:121,5
DA:122,5
DA:124,0
LF:31
LH:27
end_of_record
SF:lib/course/course_providers.dart
DA:7,1
DA:9,1
DA:10,1
DA:13,1
DA:15,1
DA:16,1
LF:6
LH:6
end_of_record
SF:lib/round/infrastructure/models/score_model.dart
DA:2,3
DA:9,3
DA:10,15
DA:12,1
DA:13,1
DA:14,1
DA:15,3
LF:7
LH:7
end_of_record
SF:lib/round/infrastructure/skins_calculator.dart
DA:6,3
DA:10,3
DA:11,6
DA:12,3
DA:13,6
DA:14,6
DA:16,6
DA:19,3
DA:20,2
DA:23,12
DA:24,3
DA:25,12
DA:26,3
DA:27,15
LF:14
LH:14
end_of_record
SF:lib/round/infrastructure/fake_round_repository.dart
DA:9,2
DA:11,12
DA:14,3
DA:16,18
DA:19,1
DA:25,5
DA:26,2
DA:27,2
DA:28,3
DA:29,2
DA:30,1
DA:33,1
DA:34,3
DA:37,1
DA:39,5
DA:40,4
DA:41,2
DA:42,1
DA:43,2
DA:47,9
DA:49,3
DA:53,3
DA:55,3
DA:56,3
DA:75,3
DA:79,3
DA:81,3
DA:82,3
DA:141,3
DA:145,3
DA:147,3
DA:148,3
DA:167,3
DA:171,3
DA:173,3
DA:174,3
DA:234,3
DA:238,3
DA:240,3
DA:241,3
DA:257,3
DA:261,3
DA:263,3
DA:264,3
LF:44
LH:44
end_of_record
SF:lib/round/infrastructure/models/round_model.dart
DA:5,9
DA:26,2
DA:27,2
DA:28,2
DA:29,2
DA:30,2
DA:31,2
DA:32,2
DA:33,2
DA:34,2
LF:10
LH:10
end_of_record
SF:lib/round/infrastructure/models/round_status.dart
DA:6,3
DA:8,3
DA:10,3
DA:12,3
LF:4
LH:4
end_of_record
SF:lib/round/infrastructure/round_repository.g.dart
DA:19,1
DA:20,1
DA:30,2
DA:31,2
DA:33,2
DA:36,2
DA:38,2
DA:40,2
DA:44,0
DA:45,0
DA:47,0
DA:52,2
LF:12
LH:9
end_of_record
SF:lib/round/infrastructure/round_repository.dart
DA:7,2
DA:9,2
LF:2
LH:2
end_of_record
SF:lib/app/presentation/components/info_card.dart
DA:4,3
DA:9,3
DA:11,3
DA:14,3
DA:15,3
DA:16,6
LF:6
LH:6
end_of_record
SF:lib/app/core/extensions/date_extensions.dart
DA:2,5
DA:3,5
DA:17,30
DA:20,1
DA:21,4
LF:5
LH:5
end_of_record
SF:lib/course/infrastructure/course_repository.g.dart
DA:23,3
DA:24,3
DA:34,1
DA:35,1
DA:37,1
DA:40,1
DA:42,1
DA:44,1
DA:48,0
DA:49,0
DA:51,0
DA:56,1
LF:12
LH:9
end_of_record
SF:lib/course/infrastructure/course_repository.dart
DA:7,1
DA:9,1
LF:2
LH:2
end_of_record
SF:lib/course/infrastructure/fake_course_repository.dart
DA:6,2
DA:8,2
DA:11,2
DA:13,12
DA:16,15
DA:17,5
DA:20,5
DA:21,5
DA:22,5
DA:23,5
DA:24,5
DA:25,5
DA:26,5
DA:27,5
DA:28,5
DA:29,5
DA:30,5
DA:31,5
DA:32,5
DA:33,5
DA:34,5
DA:35,5
DA:36,5
DA:37,5
DA:38,5
DA:41,5
DA:44,5
DA:45,5
DA:46,5
DA:47,5
DA:48,5
DA:49,5
DA:50,5
DA:51,5
DA:52,5
DA:53,5
DA:54,5
DA:55,5
DA:56,5
DA:57,5
DA:58,5
DA:59,5
DA:60,5
DA:61,5
DA:62,5
DA:65,5
DA:68,5
DA:69,5
DA:70,5
DA:71,5
DA:72,5
DA:73,5
DA:74,5
DA:75,5
DA:76,5
DA:77,5
DA:78,5
DA:79,5
DA:80,5
DA:81,5
DA:82,5
DA:83,5
DA:84,5
DA:85,5
DA:86,5
LF:65
LH:65
end_of_record
SF:lib/course/infrastructure/models/course.dart
DA:4,13
DA:15,6
LF:2
LH:2
end_of_record
SF:lib/course/infrastructure/models/hole.dart
DA:2,12
LF:1
LH:1
end_of_record
SF:lib/round/presentation/components/round_list_tile.dart
DA:11,2
DA:16,2
DA:18,8
DA:19,2
DA:21,2
DA:22,0
DA:23,2
DA:24,2
DA:25,2
DA:26,2
DA:28,2
DA:29,2
DA:30,6
DA:32,4
DA:34,2
DA:35,20
DA:36,4
DA:41,6
DA:49,2
DA:53,2
DA:55,2
DA:56,2
DA:57,6
DA:58,6
DA:60,2
DA:61,3
DA:62,3
DA:64,2
DA:65,6
DA:66,6
DA:69,2
DA:71,2
DA:73,2
DA:75,2
DA:76,4
DA:77,8
LF:36
LH:35
end_of_record
SF:lib/app/core/theme.dart
DA:5,21
DA:6,21
DA:10,21
DA:17,1
DA:18,1
DA:22,1
DA:31,4
DA:65,1
DA:74,1
DA:75,1
DA:76,1
DA:77,1
DA:78,1
DA:79,1
DA:80,1
DA:84,1
DA:86,1
DA:87,1
DA:88,3
DA:89,3
DA:90,3
DA:91,3
DA:92,3
DA:93,3
LF:24
LH:24
end_of_record
SF:lib/course/presentation/components/scorecard_row.dart
DA:4,3
DA:15,3
DA:17,3
DA:18,3
DA:19,3
DA:20,3
DA:22,3
DA:24,3
DA:25,3
DA:26,6
DA:31,3
DA:32,3
DA:33,3
DA:37,3
LF:14
LH:14
end_of_record
SF:lib/course/presentation/components/score_cell.dart
DA:6,3
DA:19,3
DA:21,3
DA:22,3
DA:24,3
DA:25,2
DA:26,3
DA:27,2
DA:31,2
DA:33,6
DA:34,4
DA:41,9
DA:42,3
DA:43,3
DA:44,3
DA:46,3
DA:47,5
DA:48,3
DA:53,3
DA:54,6
DA:55,9
DA:56,3
DA:64,3
DA:69,4
DA:70,4
DA:71,6
DA:72,6
DA:73,2
DA:74,2
DA:78,3
DA:83,4
DA:85,1
DA:86,1
DA:88,4
DA:90,1
DA:92,3
DA:93,6
DA:94,3
DA:95,3
DA:97,2
DA:98,1
DA:99,1
DA:100,1
DA:102,2
DA:104,1
DA:109,3
DA:110,3
DA:111,2
DA:113,3
DA:114,6
LF:50
LH:50
end_of_record
SF:lib/round/infrastructure/models/score_relative_to_par.dart
DA:9,4
DA:10,8
DA:11,8
DA:12,4
DA:13,4
DA:14,2
DA:18,1
DA:20,1
DA:22,1
DA:24,1
DA:26,1
DA:28,1
DA:30,1
LF:13
LH:13
end_of_record
SF:lib/course/presentation/components/scorecard.dart
DA:14,2
DA:29,2
DA:32,18
DA:33,10
DA:35,10
DA:37,2
DA:39,2
DA:41,2
DA:43,2
DA:46,8
DA:47,2
DA:48,2
DA:50,2
DA:52,6
DA:57,2
DA:60,2
DA:61,4
DA:65,2
DA:66,4
DA:67,6
DA:71,2
DA:72,2
DA:73,8
DA:78,8
DA:79,2
DA:80,10
DA:81,2
DA:82,2
DA:83,2
DA:84,2
DA:85,2
DA:86,4
DA:87,6
DA:88,2
DA:90,2
DA:91,2
DA:92,2
DA:93,5
DA:96,2
DA:97,2
DA:98,2
DA:106,2
DA:108,4
DA:109,4
DA:111,12
DA:113,2
DA:117,2
DA:118,2
DA:119,8
DA:122,6
DA:123,3
DA:127,2
DA:134,2
DA:136,4
DA:137,6
DA:138,2
LF:56
LH:56
end_of_record
SF:lib/user/infrastructure/models/member_model.dart
DA:2,1
DA:12,5
DA:13,10
DA:14,10
DA:15,30
DA:17,6
LF:6
LH:6
end_of_record
SF:lib/course/presentation/components/hole_header_cell.dart
DA:4,2
DA:8,3
DA:10,3
DA:14,3
DA:15,6
DA:16,3
DA:18,9
LF:7
LH:7
end_of_record
SF:lib/course/presentation/components/scorecard_totals.dart
DA:4,2
DA:8,3
DA:10,3
DA:11,6
DA:12,3
DA:14,9
LF:6
LH:6
end_of_record
SF:lib/app/core/enums/day_of_the_week.dart
DA:10,21
LF:1
LH:1
end_of_record
SF:lib/user/user_model.dart
DA:2,2
LF:1
LH:1
end_of_record
SF:lib/app/presentation/components/section_header.dart
DA:4,1
DA:9,1
DA:11,1
DA:13,1
DA:14,1
DA:15,5
DA:17,3
LF:7
LH:7
end_of_record
SF:lib/user/user_providers.g.dart
DA:23,1
DA:24,1
DA:34,1
DA:35,1
DA:37,1
DA:40,1
DA:42,1
DA:44,1
DA:48,1
DA:63,4
DA:66,4
DA:74,4
DA:75,4
DA:77,0
DA:79,0
DA:81,0
DA:84,4
DA:88,4
DA:90,1
DA:92,1
DA:93,1
DA:96,4
DA:98,16
DA:101,4
DA:103,8
DA:107,4
DA:111,1
DA:112,1
DA:120,4
DA:121,4
DA:123,0
LF:31
LH:27
end_of_record
SF:lib/user/user_providers.dart
DA:8,1
DA:10,1
DA:11,1
DA:14,1
DA:16,1
DA:17,1
LF:6
LH:6
end_of_record
SF:lib/league/presentation/components/member_list_tile.dart
DA:5,1
DA:9,2
DA:11,2
DA:12,8
DA:13,6
DA:14,2
DA:15,6
DA:16,6
LF:8
LH:8
end_of_record
SF:lib/app/presentation/components/empty_state.dart
DA:4,3
DA:9,4
DA:11,4
DA:12,4
DA:14,4
DA:16,4
DA:17,20
DA:19,4
DA:20,4
DA:22,16
DA:23,12
LF:11
LH:11
end_of_record
SF:lib/app/presentation/home_screen.dart
DA:8,1
DA:10,1
DA:12,1
DA:13,1
DA:14,1
DA:16,3
DA:20,2
DA:21,1
DA:22,1
DA:23,1
DA:24,1
DA:26,2
DA:27,1
DA:28,5
DA:31,0
DA:35,5
LF:16
LH:15
end_of_record
SF:lib/league/league_providers.g.dart
DA:25,3
DA:26,3
DA:36,2
DA:37,2
DA:39,2
DA:43,2
DA:45,2
DA:47,2
DA:51,2
DA:64,1
DA:67,1
DA:75,1
DA:76,1
DA:78,0
DA:80,0
DA:82,0
DA:85,1
DA:89,1
DA:91,1
DA:93,1
DA:94,1
DA:97,1
DA:99,4
DA:102,1
DA:104,2
DA:108,1
DA:112,3
DA:113,3
DA:121,1
DA:122,1
DA:124,0
LF:31
LH:27
end_of_record
SF:lib/league/league_providers.dart
DA:7,2
DA:9,2
DA:10,2
DA:13,1
DA:15,1
DA:16,1
LF:6
LH:6
end_of_record
SF:lib/league/infrastructure/fake_league_repository.dart
DA:7,3
DA:9,3
DA:12,2
DA:14,12
DA:17,9
DA:18,3
DA:21,6
DA:23,3
LF:8
LH:8
end_of_record
SF:lib/league/infrastructure/league_repository.g.dart
DA:23,3
DA:24,3
DA:34,2
DA:35,2
DA:37,2
DA:40,2
DA:42,2
DA:44,2
DA:48,0
DA:49,0
DA:51,0
DA:56,2
LF:12
LH:9
end_of_record
SF:lib/league/infrastructure/league_repository.dart
DA:7,2
DA:9,2
LF:2
LH:2
end_of_record
SF:lib/league/infrastructure/models/league_model.dart
DA:5,5
LF:1
LH:1
end_of_record
SF:lib/league/presentation/members_screen.dart
DA:8,0
DA:12,1
DA:14,3
DA:15,1
DA:16,1
DA:18,3
DA:22,2
DA:23,1
DA:24,3
DA:26,1
LF:10
LH:9
end_of_record
SF:lib/user/infrastructure/user_repository.g.dart
DA:18,1
DA:19,1
DA:29,1
DA:30,1
DA:32,1
DA:35,1
DA:37,1
DA:39,1
DA:43,0
DA:44,0
DA:46,0
DA:51,1
LF:12
LH:9
end_of_record
SF:lib/user/infrastructure/user_repository.dart
DA:8,1
DA:10,1
LF:2
LH:2
end_of_record
SF:lib/user/infrastructure/fake_user_repository.dart
DA:6,2
DA:16,2
LF:2
LH:2
end_of_record
SF:lib/league/presentation/components/league_quick_links.dart
DA:5,1
DA:14,1
DA:16,1
DA:18,1
DA:21,1
DA:22,1
DA:25,0
DA:27,1
DA:30,0
DA:32,1
DA:35,0
DA:37,1
DA:38,1
DA:41,0
DA:50,1
DA:60,1
DA:62,1
DA:63,1
DA:66,1
DA:68,1
DA:69,1
DA:70,1
DA:72,1
DA:73,4
DA:75,4
LF:25
LH:21
end_of_record
SF:lib/league/presentation/components/league_info_header.dart
DA:5,1
DA:9,1
DA:11,1
DA:12,1
DA:14,1
DA:16,1
DA:17,5
DA:19,1
DA:20,1
DA:21,1
DA:24,2
DA:27,1
DA:28,3
DA:29,3
DA:30,2
DA:34,1
DA:37,2
DA:40,1
DA:41,4
DA:42,3
DA:43,2
LF:21
LH:21
end_of_record
SF:lib/round/infrastructure/handicap_calculator.dart
DA:6,1
DA:7,1
DA:8,2
DA:10,1
DA:11,1
DA:12,2
DA:14,1
DA:15,3
DA:16,4
DA:22,1
DA:23,1
LF:11
LH:11
end_of_record
SF:lib/round/presentation/components/start_round_button.dart
DA:4,2
DA:13,2
DA:15,2
DA:16,2
DA:17,2
DA:18,4
LF:6
LH:6
end_of_record
SF:lib/round/presentation/components/round_info_section.dart
DA:8,2
DA:12,2
DA:14,8
DA:15,2
DA:17,2
DA:18,2
DA:20,2
DA:22,2
DA:23,2
DA:24,6
DA:26,4
DA:28,2
DA:29,2
DA:30,2
DA:33,4
DA:36,12
DA:38,6
DA:40,2
DA:41,14
DA:42,4
LF:20
LH:20
end_of_record
SF:lib/round/presentation/components/round_leaderboard.dart
DA:7,2
DA:16,2
DA:18,6
DA:19,2
DA:21,6
DA:22,10
DA:24,2
DA:25,2
DA:27,2
DA:29,2
DA:30,6
DA:32,8
DA:33,4
DA:34,2
DA:36,4
DA:37,14
DA:40,2
DA:42,2
DA:43,2
DA:44,2
DA:46,2
DA:47,2
DA:48,6
DA:53,6
DA:54,2
DA:55,4
DA:56,6
LF:27
LH:27
end_of_record
SF:lib/round/round_providers.g.dart
DA:23,2
DA:26,2
DA:34,2
DA:35,2
DA:37,0
DA:39,0
DA:41,0
DA:44,2
DA:48,2
DA:50,1
DA:52,1
DA:53,1
DA:56,2
DA:58,8
DA:61,2
DA:63,4
DA:67,2
DA:72,2
DA:73,2
DA:81,2
DA:82,2
DA:84,0
DA:99,2
DA:102,2
DA:110,2
DA:111,2
DA:113,0
DA:115,0
DA:117,0
DA:120,2
DA:124,2
DA:126,2
DA:128,2
DA:129,2
DA:132,2
DA:134,8
DA:137,2
DA:139,4
DA:143,2
DA:147,2
DA:148,2
DA:156,2
DA:157,2
DA:159,0
LF:44
LH:36
end_of_record
SF:lib/round/round_providers.dart
DA:7,1
DA:9,1
DA:10,1
DA:13,2
DA:15,2
DA:16,2
LF:6
LH:6
end_of_record
SF:lib/round/presentation/round_detail_screen.dart
DA:15,1
DA:24,1
DA:26,3
DA:27,1
DA:28,1
DA:30,3
DA:32,1
DA:34,1
DA:35,1
DA:37,3
DA:38,2
DA:40,2
DA:43,2
DA:44,1
DA:46,0
DA:47,0
DA:49,2
DA:50,1
DA:52,0
DA:53,0
DA:58,1
DA:66,1
DA:71,1
DA:73,4
DA:74,3
DA:77,4
DA:79,2
LF:27
LH:23
end_of_record
SF:lib/round/presentation/components/score_input_bottom_sheet.dart
DA:4,1
DA:15,1
DA:17,1
DA:18,1
DA:20,1
DA:23,1
DA:24,5
DA:26,1
DA:29,2
DA:30,1
DA:31,2
DA:32,1
DA:33,2
DA:35,1
DA:36,2
DA:37,2
LF:16
LH:16
end_of_record
SF:lib/round/presentation/round_list_screen.dart
DA:8,1
DA:12,1
DA:14,3
DA:15,1
DA:16,1
DA:18,3
DA:22,2
DA:23,6
DA:24,1
DA:25,3
DA:27,1
LF:11
LH:11
end_of_record
